d:\projects\visualstudio\graphics-engine-2\rta-project\rta-project\debug\vc140.pdb
d:\projects\visualstudio\graphics-engine-2\rta-project\rta-project\debug\vc140.idb
d:\projects\visualstudio\graphics-engine-2\rta-project\rta-project\debug\main.obj
d:\projects\visualstudio\graphics-engine-2\rta-project\rta-project\debug\mathfunc.obj
d:\projects\visualstudio\graphics-engine-2\rta-project\rta-project\debug\rendercontext.obj
d:\projects\visualstudio\graphics-engine-2\rta-project\rta-project\debug\rendermesh.obj
d:\projects\visualstudio\graphics-engine-2\rta-project\rta-project\debug\rendershape.obj
d:\projects\visualstudio\graphics-engine-2\rta-project\rta-project\debug\timerclass.obj
d:\projects\visualstudio\graphics-engine-2\rta-project\rta-project\ps_cube.csh
d:\projects\visualstudio\graphics-engine-2\rta-project\debug\ps_cube.csh
d:\projects\visualstudio\graphics-engine-2\rta-project\rta-project\ps_grid.csh
d:\projects\visualstudio\graphics-engine-2\rta-project\debug\ps_grid.csh
d:\projects\visualstudio\graphics-engine-2\rta-project\rta-project\vs_cube.csh
d:\projects\visualstudio\graphics-engine-2\rta-project\debug\vs_cube.csh
d:\projects\visualstudio\graphics-engine-2\rta-project\rta-project\vs_grid.csh
d:\projects\visualstudio\graphics-engine-2\rta-project\debug\vs_grid.csh
d:\projects\visualstudio\graphics-engine-2\rta-project\rta-project\debug\rta-project.tlog\cl.command.1.tlog
d:\projects\visualstudio\graphics-engine-2\rta-project\rta-project\debug\rta-project.tlog\cl.read.1.tlog
d:\projects\visualstudio\graphics-engine-2\rta-project\rta-project\debug\rta-project.tlog\cl.write.1.tlog
d:\projects\visualstudio\graphics-engine-2\rta-project\rta-project\debug\rta-project.tlog\fxc.command.1.tlog
d:\projects\visualstudio\graphics-engine-2\rta-project\rta-project\debug\rta-project.tlog\fxc.read.1.tlog
d:\projects\visualstudio\graphics-engine-2\rta-project\rta-project\debug\rta-project.tlog\fxc.write.1.tlog
d:\projects\visualstudio\graphics-engine-2\rta-project\rta-project\debug\rta-project.tlog\link.command.1.tlog
d:\projects\visualstudio\graphics-engine-2\rta-project\rta-project\debug\rta-project.tlog\link.read.1.tlog
d:\projects\visualstudio\graphics-engine-2\rta-project\rta-project\debug\rta-project.tlog\link.write.1.tlog
d:\projects\visualstudio\graphics-engine-2\rta-project\rta-project\debug\rta-project.tlog\rta-project.write.1u.tlog
